<?xml version="1.0" encoding="UTF-8"?>
<testng-results skipped="0" failed="0" ignored="0" total="1" passed="1">
  <reporter-output>
  </reporter-output>
  <suite name="Default suite" duration-ms="10100" started-at="2021-02-24T12:30:02Z" finished-at="2021-02-24T12:30:12Z">
    <groups>
    </groups>
    <test name="Default test" duration-ms="10100" started-at="2021-02-24T12:30:02Z" finished-at="2021-02-24T12:30:12Z">
      <class name="test.Testcase1">
        <test-method status="PASS" signature="setup()[pri:0, instance:test.Testcase1@4c762604]" name="setup" is-config="true" duration-ms="3712" started-at="2021-02-24T12:30:02Z" finished-at="2021-02-24T12:30:06Z">
          <reporter-output>
          </reporter-output>
        </test-method> <!-- setup -->
        <test-method status="PASS" signature="LoginTest()[pri:0, instance:test.Testcase1@4c762604]" name="LoginTest" duration-ms="6287" started-at="2021-02-24T12:30:06Z" finished-at="2021-02-24T12:30:12Z">
          <reporter-output>
          </reporter-output>
        </test-method> <!-- LoginTest -->
        <test-method status="PASS" signature="CloseBrowser()[pri:0, instance:test.Testcase1@4c762604]" name="CloseBrowser" is-config="true" duration-ms="78" started-at="2021-02-24T12:30:12Z" finished-at="2021-02-24T12:30:12Z">
          <reporter-output>
          </reporter-output>
        </test-method> <!-- CloseBrowser -->
      </class> <!-- test.Testcase1 -->
    </test> <!-- Default test -->
  </suite> <!-- Default suite -->
</testng-results>
